# JRE version: Java(TM) SE Runtime Environment (8.0_91-b14) (build 1.8.0_91-b14)
# Java VM: Java HotSpot(TM) 64-Bit Server VM (25.91-b14 mixed mode linux-amd64 compressed oops)
Heap:
 PSYoungGen      total 474112K, used 12667K [0x00000000e1800000, 0x0000000100000000, 0x0000000100000000)
  eden space 452096K, 0% used [0x00000000e1800000,0x00000000e1800000,0x00000000fd180000)
  from space 22016K, 57% used [0x00000000fd180000,0x00000000fdddec00,0x00000000fe700000)
  to   space 25600K, 0% used [0x00000000fe700000,0x00000000fe700000,0x0000000100000000)
 ParOldGen       total 59392K, used 59190K [0x00000000a4800000, 0x00000000a8200000, 0x00000000e1800000)
  object space 59392K, 99% used [0x00000000a4800000,0x00000000a81cd8f0,0x00000000a8200000)
 Metaspace       used 26936K, capacity 28574K, committed 28800K, reserved 1075200K
  class space    used 2884K, capacity 3456K, committed 3456K, reserved 1048576K
GC Heap History (10 events):
Event: 3,293 GC heap after
Heap after GC invocations=8 (full 1):
 PSYoungGen      total 206336K, used 0K [0x00000000e1800000, 0x00000000faa00000, 0x0000000100000000)
  eden space 192512K, 0% used [0x00000000e1800000,0x00000000e1800000,0x00000000ed400000)
  from space 13824K, 0% used [0x00000000ed400000,0x00000000ed400000,0x00000000ee180000)
  to   space 13312K, 0% used [0x00000000f9d00000,0x00000000f9d00000,0x00000000faa00000)
 ParOldGen       total 59392K, used 19217K [0x00000000a4800000, 0x00000000a8200000, 0x00000000e1800000)
  object space 59392K, 32% used [0x00000000a4800000,0x00000000a5ac44e8,0x00000000a8200000)
 Metaspace       used 20311K, capacity 21218K, committed 21296K, reserved 1069056K
  class space    used 2055K, capacity 2414K, committed 2432K, reserved 1048576K
}
Event: 4,626 GC heap before
{Heap before GC invocations=9 (full 1):
 PSYoungGen      total 206336K, used 192512K [0x00000000e1800000, 0x00000000faa00000, 0x0000000100000000)
  eden space 192512K, 100% used [0x00000000e1800000,0x00000000ed400000,0x00000000ed400000)
  from space 13824K, 0% used [0x00000000ed400000,0x00000000ed400000,0x00000000ee180000)
  to   space 13312K, 0% used [0x00000000f9d00000,0x00000000f9d00000,0x00000000faa00000)
 ParOldGen       total 59392K, used 19217K [0x00000000a4800000, 0x00000000a8200000, 0x00000000e1800000)
  object space 59392K, 32% used [0x00000000a4800000,0x00000000a5ac44e8,0x00000000a8200000)
 Metaspace       used 25895K, capacity 27322K, committed 27392K, reserved 1073152K
  class space    used 2752K, capacity 3282K, committed 3328K, reserved 1048576K
Event: 4,663 GC heap after
Heap after GC invocations=9 (full 1):
 PSYoungGen      total 334336K, used 9215K [0x00000000e1800000, 0x00000000fa600000, 0x0000000100000000)
  eden space 325120K, 0% used [0x00000000e1800000,0x00000000e1800000,0x00000000f5580000)
  from space 9216K, 99% used [0x00000000f9d00000,0x00000000fa5ffee0,0x00000000fa600000)
  to   space 13824K, 0% used [0x00000000f8b00000,0x00000000f8b00000,0x00000000f9880000)
 ParOldGen       total 59392K, used 19225K [0x00000000a4800000, 0x00000000a8200000, 0x00000000e1800000)
  object space 59392K, 32% used [0x00000000a4800000,0x00000000a5ac64e8,0x00000000a8200000)
 Metaspace       used 25895K, capacity 27322K, committed 27392K, reserved 1073152K
  class space    used 2752K, capacity 3282K, committed 3328K, reserved 1048576K
}
Event: 5,581 GC heap before
{Heap before GC invocations=10 (full 1):
 PSYoungGen      total 334336K, used 334335K [0x00000000e1800000, 0x00000000fa600000, 0x0000000100000000)
  eden space 325120K, 100% used [0x00000000e1800000,0x00000000f5580000,0x00000000f5580000)
  from space 9216K, 99% used [0x00000000f9d00000,0x00000000fa5ffee0,0x00000000fa600000)
  to   space 13824K, 0% used [0x00000000f8b00000,0x00000000f8b00000,0x00000000f9880000)
 ParOldGen       total 59392K, used 19225K [0x00000000a4800000, 0x00000000a8200000, 0x00000000e1800000)
  object space 59392K, 32% used [0x00000000a4800000,0x00000000a5ac64e8,0x00000000a8200000)
 Metaspace       used 25925K, capacity 27322K, committed 27392K, reserved 1073152K
  class space    used 2752K, capacity 3282K, committed 3328K, reserved 1048576K
Event: 5,608 GC heap after
Heap after GC invocations=10 (full 1):
 PSYoungGen      total 393728K, used 13822K [0x00000000e1800000, 0x00000000ff780000, 0x0000000100000000)
  eden space 379904K, 0% used [0x00000000e1800000,0x00000000e1800000,0x00000000f8b00000)
  from space 13824K, 99% used [0x00000000f8b00000,0x00000000f987fb60,0x00000000f9880000)
  to   space 16896K, 0% used [0x00000000fe700000,0x00000000fe700000,0x00000000ff780000)
 ParOldGen       total 59392K, used 22528K [0x00000000a4800000, 0x00000000a8200000, 0x00000000e1800000)
  object space 59392K, 37% used [0x00000000a4800000,0x00000000a5e001e0,0x00000000a8200000)
 Metaspace       used 25925K, capacity 27322K, committed 27392K, reserved 1073152K
  class space    used 2752K, capacity 3282K, committed 3328K, reserved 1048576K
}
Event: 6,284 GC heap before
{Heap before GC invocations=11 (full 1):
 PSYoungGen      total 393728K, used 393726K [0x00000000e1800000, 0x00000000ff780000, 0x0000000100000000)
  eden space 379904K, 100% used [0x00000000e1800000,0x00000000f8b00000,0x00000000f8b00000)
  from space 13824K, 99% used [0x00000000f8b00000,0x00000000f987fb60,0x00000000f9880000)
  to   space 16896K, 0% used [0x00000000fe700000,0x00000000fe700000,0x00000000ff780000)
 ParOldGen       total 59392K, used 22528K [0x00000000a4800000, 0x00000000a8200000, 0x00000000e1800000)
  object space 59392K, 37% used [0x00000000a4800000,0x00000000a5e001e0,0x00000000a8200000)
 Metaspace       used 25952K, capacity 27322K, committed 27392K, reserved 1073152K
  class space    used 2752K, capacity 3282K, committed 3328K, reserved 1048576K
Event: 6,317 GC heap after
Heap after GC invocations=11 (full 1):
 PSYoungGen      total 468992K, used 16867K [0x00000000e1800000, 0x0000000100000000, 0x0000000100000000)
  eden space 452096K, 0% used [0x00000000e1800000,0x00000000e1800000,0x00000000fd180000)
  from space 16896K, 99% used [0x00000000fe700000,0x00000000ff778cd8,0x00000000ff780000)
  to   space 22016K, 0% used [0x00000000fd180000,0x00000000fd180000,0x00000000fe700000)
 ParOldGen       total 59392K, used 29417K [0x00000000a4800000, 0x00000000a8200000, 0x00000000e1800000)
  object space 59392K, 49% used [0x00000000a4800000,0x00000000a64ba740,0x00000000a8200000)
 Metaspace       used 25952K, capacity 27322K, committed 27392K, reserved 1073152K
  class space    used 2752K, capacity 3282K, committed 3328K, reserved 1048576K
}
Event: 7,490 GC heap before
{Heap before GC invocations=12 (full 1):
 PSYoungGen      total 468992K, used 468963K [0x00000000e1800000, 0x0000000100000000, 0x0000000100000000)
  eden space 452096K, 100% used [0x00000000e1800000,0x00000000fd180000,0x00000000fd180000)
  from space 16896K, 99% used [0x00000000fe700000,0x00000000ff778cd8,0x00000000ff780000)
  to   space 22016K, 0% used [0x00000000fd180000,0x00000000fd180000,0x00000000fe700000)
 ParOldGen       total 59392K, used 29417K [0x00000000a4800000, 0x00000000a8200000, 0x00000000e1800000)
  object space 59392K, 49% used [0x00000000a4800000,0x00000000a64ba740,0x00000000a8200000)
 Metaspace       used 26936K, capacity 28574K, committed 28800K, reserved 1075200K
  class space    used 2884K, capacity 3456K, committed 3456K, reserved 1048576K
Event: 7,589 GC heap after
Heap after GC invocations=12 (full 1):
 PSYoungGen      total 474112K, used 21984K [0x00000000e1800000, 0x0000000100000000, 0x0000000100000000)
  eden space 452096K, 0% used [0x00000000e1800000,0x00000000e1800000,0x00000000fd180000)
  from space 22016K, 99% used [0x00000000fd180000,0x00000000fe6f8020,0x00000000fe700000)
  to   space 25600K, 0% used [0x00000000fe700000,0x00000000fe700000,0x0000000100000000)
 ParOldGen       total 59392K, used 54508K [0x00000000a4800000, 0x00000000a8200000, 0x00000000e1800000)
  object space 59392K, 91% used [0x00000000a4800000,0x00000000a7d3b358,0x00000000a8200000)
 Metaspace       used 26936K, capacity 28574K, committed 28800K, reserved 1075200K
  class space    used 2884K, capacity 3456K, committed 3456K, reserved 1048576K
}
Event: 7,676 GC heap before
{Heap before GC invocations=13 (full 2):
 PSYoungGen      total 474112K, used 21984K [0x00000000e1800000, 0x0000000100000000, 0x0000000100000000)
  eden space 452096K, 0% used [0x00000000e1800000,0x00000000e1800000,0x00000000fd180000)
  from space 22016K, 99% used [0x00000000fd180000,0x00000000fe6f8020,0x00000000fe700000)
  to   space 25600K, 0% used [0x00000000fe700000,0x00000000fe700000,0x0000000100000000)
 ParOldGen       total 59392K, used 54508K [0x00000000a4800000, 0x00000000a8200000, 0x00000000e1800000)
  object space 59392K, 91% used [0x00000000a4800000,0x00000000a7d3b358,0x00000000a8200000)
 Metaspace       used 26936K, capacity 28574K, committed 28800K, reserved 1075200K
  class space    used 2884K, capacity 3456K, committed 3456K, reserved 1048576K

